<?xml version="1.0" encoding="UTF-8"?>
<!-- Generated by org.testng.reporters.JUnitReportReporter -->
<testsuite hostname="Jawid" name="com.grp.OrangeHRMTest" tests="1" failures="0" timestamp="24 Jun 2024 16:15:26 GMT" time="11.819" errors="0">
  <testcase name="hrm" time="11.819" classname="com.grp.OrangeHRMTest"/>
</testsuite> <!-- com.grp.OrangeHRMTest -->
