<?xml version="1.0" encoding="UTF-8"?>
<!-- Generated by org.testng.reporters.JUnitReportReporter -->
<testsuite hostname="Jawid" name="com.all.OrangeHRMTest" tests="1" failures="0" timestamp="30 Jun 2024 16:34:29 GMT" time="9.006" errors="0">
  <testcase name="hrm" time="9.006" classname="com.all.OrangeHRMTest"/>
</testsuite> <!-- com.all.OrangeHRMTest -->
