<?xml version="1.0" encoding="UTF-8"?>
<!-- Generated by org.testng.reporters.JUnitReportReporter -->
<testsuite hostname="Jawid" name="com.grp.AmazonTest" tests="1" failures="0" timestamp="24 Jun 2024 16:15:26 GMT" time="4.855" errors="0">
  <testcase name="amazon" time="4.855" classname="com.grp.AmazonTest"/>
</testsuite> <!-- com.grp.AmazonTest -->
