<?xml version="1.0" encoding="UTF-8"?>
<!-- Generated by org.testng.reporters.JUnitReportReporter -->
<testsuite hostname="Jawid" name="com.all.IHGTest" tests="1" failures="0" timestamp="30 Jun 2024 16:34:29 GMT" time="4.600" errors="0">
  <testcase name="IHG" time="4.600" classname="com.all.IHGTest"/>
</testsuite> <!-- com.all.IHGTest -->
