<?xml version="1.0" encoding="UTF-8"?>
<!-- Generated by org.testng.reporters.JUnitReportReporter -->
<testsuite hostname="Jawid" name="com.ng.AmazonTest" tests="2" failures="0" timestamp="22 Jun 2024 16:35:16 GMT" time="4.078" errors="0">
  <testcase name="amazon" time="2.173" classname="com.ng.AmazonTest"/>
  <testcase name="amazon" time="1.905" classname="com.ng.AmazonTest"/>
</testsuite> <!-- com.ng.AmazonTest -->
