<?xml version="1.0" encoding="UTF-8"?>
<!-- Generated by org.testng.reporters.JUnitReportReporter -->
<testsuite hostname="Jawid" name="com.some.AmazonTest" tests="1" failures="0" timestamp="24 Jun 2024 16:27:06 GMT" time="4.694" errors="0">
  <testcase name="amazon" time="4.694" classname="com.some.AmazonTest"/>
</testsuite> <!-- com.some.AmazonTest -->
