<?xml version="1.0" encoding="UTF-8"?>
<!-- Generated by org.testng.reporters.JUnitReportReporter -->
<testsuite hostname="Jawid" name="com.ng.NumbersTest" tests="1" failures="0" timestamp="22 Jun 2024 16:09:08 GMT" time="0.005" errors="0">
  <testcase name="one" time="0.005" classname="com.ng.NumbersTest"/>
</testsuite> <!-- com.ng.NumbersTest -->
