<?xml version="1.0" encoding="UTF-8"?>
<!-- Generated by org.testng.reporters.JUnitReportReporter -->
<testsuite hostname="Jawid" name="com.ng.OrangeHRMTest" tests="1" failures="0" timestamp="22 Jun 2024 16:16:22 GMT" time="10.281" errors="0">
  <testcase name="hrm" time="10.281" classname="com.ng.OrangeHRMTest"/>
</testsuite> <!-- com.ng.OrangeHRMTest -->
