<?xml version="1.0" encoding="UTF-8"?>
<!-- Generated by org.testng.reporters.JUnitReportReporter -->
<testsuite hostname="Jawid" name="com.grp.Walmart" tests="1" failures="0" timestamp="23 Jun 2024 15:13:50 GMT" time="0.012" errors="0">
  <testcase name="peach" time="0.012" classname="com.grp.Walmart"/>
</testsuite> <!-- com.grp.Walmart -->
