<?xml version="1.0" encoding="UTF-8"?>
<!-- Generated by org.testng.reporters.JUnitReportReporter -->
<testsuite hostname="Jawid" name="com.some.OrangeHRMTest" tests="1" failures="0" timestamp="24 Jun 2024 16:27:06 GMT" time="11.821" errors="0">
  <testcase name="hrm" time="11.821" classname="com.some.OrangeHRMTest"/>
</testsuite> <!-- com.some.OrangeHRMTest -->
