<?xml version="1.0" encoding="UTF-8"?>
<!-- Generated by org.testng.reporters.JUnitReportReporter -->
<testsuite hostname="Jawid" name="com.all.OrangeHRMImagesTest" tests="1" failures="0" timestamp="28 Jun 2024 16:13:04 GMT" time="10.478" errors="0">
  <testcase name="hrm" time="10.478" classname="com.all.OrangeHRMImagesTest"/>
</testsuite> <!-- com.all.OrangeHRMImagesTest -->
