<?xml version="1.0" encoding="UTF-8"?>
<!-- Generated by org.testng.reporters.JUnitReportReporter -->
<testsuite hostname="Jawid" name="com.all.HRMReports" tests="1" failures="0" timestamp="28 Jun 2024 16:44:14 GMT" time="9.090" errors="0">
  <testcase name="hrm" time="9.090" classname="com.all.HRMReports"/>
</testsuite> <!-- com.all.HRMReports -->
