<?xml version="1.0" encoding="UTF-8"?>
<!-- Generated by org.testng.reporters.JUnitReportReporter -->
<testsuite hostname="Jawid" name="com.ng.FruitsTest" tests="3" failures="0" timestamp="22 Jun 2024 16:44:33 GMT" time="0.005" errors="0">
  <testcase name="banana" time="0.000" classname="com.ng.FruitsTest"/>
  <testcase name="mango" time="0.000" classname="com.ng.FruitsTest"/>
  <testcase name="grapes" time="0.005" classname="com.ng.FruitsTest"/>
</testsuite> <!-- com.ng.FruitsTest -->
