<?xml version="1.0" encoding="UTF-8"?>
<!-- Generated by org.testng.reporters.JUnitReportReporter -->
<testsuite hostname="Jawid" name="com.all.AmazonTest" tests="1" failures="0" timestamp="30 Jun 2024 16:34:29 GMT" time="1.791" errors="0">
  <testcase name="amazon" time="1.791" classname="com.all.AmazonTest"/>
</testsuite> <!-- com.all.AmazonTest -->
