<?xml version="1.0" encoding="UTF-8"?>
<!-- Generated by org.testng.reporters.JUnitReportReporter -->
<testsuite hostname="Jawid" name="com.all.OrangeHRMValidation2Test" tests="1" failures="0" timestamp="30 Jun 2024 16:27:40 GMT" time="9.261" errors="0">
  <testcase name="hrm" time="9.261" classname="com.all.OrangeHRMValidation2Test"/>
</testsuite> <!-- com.all.OrangeHRMValidation2Test -->
