<?xml version="1.0" encoding="UTF-8"?>
<!-- Generated by org.testng.reporters.JUnitReportReporter -->
<testsuite hostname="Jawid" name="com.all.FacebookTest" tests="1" failures="0" timestamp="30 Jun 2024 16:34:29 GMT" time="2.305" errors="0">
  <testcase name="fb" time="2.305" classname="com.all.FacebookTest"/>
</testsuite> <!-- com.all.FacebookTest -->
