<?xml version="1.0" encoding="UTF-8"?>
<!-- Generated by org.testng.reporters.JUnitReportReporter -->
<testsuite hostname="Jawid" name="com.some.FacebookTest" tests="1" failures="0" timestamp="24 Jun 2024 16:21:15 GMT" time="4.051" errors="0">
  <testcase name="fb" time="4.051" classname="com.some.FacebookTest"/>
</testsuite> <!-- com.some.FacebookTest -->
