<?xml version="1.0" encoding="UTF-8"?>
<!-- Generated by org.testng.reporters.JUnitReportReporter -->
<testsuite hostname="Jawid" name="com.all.OrangeHRMValidation1Test" tests="1" failures="0" timestamp="30 Jun 2024 16:24:38 GMT" time="10.314" errors="0">
  <testcase name="hrm" time="10.314" classname="com.all.OrangeHRMValidation1Test"/>
</testsuite> <!-- com.all.OrangeHRMValidation1Test -->
