<?xml version="1.0" encoding="UTF-8"?>
<!-- Generated by org.testng.reporters.JUnitReportReporter -->
<testsuite hostname="Jawid" name="com.grp.FacebookTest" tests="1" failures="0" timestamp="24 Jun 2024 16:16:55 GMT" time="5.266" errors="0">
  <testcase name="fb" time="5.266" classname="com.grp.FacebookTest"/>
</testsuite> <!-- com.grp.FacebookTest -->
