<?xml version="1.0" encoding="UTF-8"?>
<!-- Generated by org.testng.reporters.JUnitReportReporter -->
<testsuite hostname="Jawid" name="com.ng.SuperMarketFruitsTest" tests="3" failures="0" timestamp="22 Jun 2024 16:51:20 GMT" time="0.008" errors="0">
  <testcase name="banana" time="0.001" classname="com.ng.SuperMarketFruitsTest"/>
  <testcase name="mango" time="0.000" classname="com.ng.SuperMarketFruitsTest"/>
  <testcase name="grapes" time="0.007" classname="com.ng.SuperMarketFruitsTest"/>
</testsuite> <!-- com.ng.SuperMarketFruitsTest -->
